app/build/intermediates/manifest_merge_blame_file/release/manifest-merger-blame-release-report.txt
1<?xml version="1.0" encoding="utf-8"?>
2<manifest xmlns:android="http://schemas.android.com/apk/res/android"
3    package="com.example.novigrad"
4    android:versionCode="1"
5    android:versionName="1.0" >
6
7    <uses-sdk
8        android:minSdkVersion="16"
8-->src\main\AndroidManifest.xml
9        android:targetSdkVersion="30" />
9-->src\main\AndroidManifest.xml
10
11    <uses-permission android:name="androoid.permission.INTERNET" />
11-->src\main\AndroidManifest.xml:5:5-68
11-->src\main\AndroidManifest.xml:5:22-65
12    <uses-permission android:name="android.permission.INTERNET" />
12-->[com.google.android.gms:play-services-measurement-api:17.6.0] AndroidManifest.xml:22:5-67
12-->[com.google.android.gms:play-services-measurement-api:17.6.0] AndroidManifest.xml:22:22-64
13    <uses-permission android:name="android.permission.ACCESS_NETWORK_STATE" />
13-->[com.google.android.gms:play-services-measurement-api:17.6.0] AndroidManifest.xml:23:5-79
13-->[com.google.android.gms:play-services-measurement-api:17.6.0] AndroidManifest.xml:23:22-76
14    <uses-permission android:name="android.permission.WAKE_LOCK" />
14-->[com.google.android.gms:play-services-measurement-api:17.6.0] AndroidManifest.xml:24:5-68
14-->[com.google.android.gms:play-services-measurement-api:17.6.0] AndroidManifest.xml:24:22-65
15    <uses-permission android:name="com.google.android.finsky.permission.BIND_GET_INSTALL_REFERRER_SERVICE" />
15-->[com.google.android.gms:play-services-measurement:17.6.0] AndroidManifest.xml:26:5-110
15-->[com.google.android.gms:play-services-measurement:17.6.0] AndroidManifest.xml:26:22-107
16
17    <application
17-->src\main\AndroidManifest.xml:7:5-26:19
18        android:allowBackup="true"
18-->src\main\AndroidManifest.xml:8:9-35
19        android:appComponentFactory="androidx.core.app.CoreComponentFactory"
19-->[androidx.core:core:1.3.1] AndroidManifest.xml:24:18-86
20        android:icon="@mipmap/ic_launcher"
20-->src\main\AndroidManifest.xml:9:9-43
21        android:label="@string/app_name"
21-->src\main\AndroidManifest.xml:10:9-41
22        android:roundIcon="@mipmap/ic_launcher_round"
22-->src\main\AndroidManifest.xml:11:9-54
23        android:supportsRtl="true"
23-->src\main\AndroidManifest.xml:12:9-35
24        android:theme="@style/Theme.Novigrad" >
24-->src\main\AndroidManifest.xml:13:9-46
25        <activity android:name="com.example.novigrad.AdminActivity" />
25-->src\main\AndroidManifest.xml:14:9-60
25-->src\main\AndroidManifest.xml:14:19-48
26        <activity android:name="com.example.novigrad.EmployeeActivity" />
26-->src\main\AndroidManifest.xml:15:9-54
26-->src\main\AndroidManifest.xml:15:19-51
27        <activity android:name="com.example.novigrad.ClientActivity" />
27-->src\main\AndroidManifest.xml:16:9-52
27-->src\main\AndroidManifest.xml:16:19-49
28        <activity android:name="com.example.novigrad.RegistrationActivity" />
28-->src\main\AndroidManifest.xml:17:9-58
28-->src\main\AndroidManifest.xml:17:19-55
29        <activity android:name="com.example.novigrad.SecondActivity" />
29-->src\main\AndroidManifest.xml:18:9-52
29-->src\main\AndroidManifest.xml:18:19-49
30        <activity android:name="com.example.novigrad.MainActivity" >
30-->src\main\AndroidManifest.xml:19:9-25:20
30-->src\main\AndroidManifest.xml:19:19-47
31            <intent-filter>
31-->src\main\AndroidManifest.xml:20:13-24:29
32                <action android:name="android.intent.action.MAIN" />
32-->src\main\AndroidManifest.xml:21:17-69
32-->src\main\AndroidManifest.xml:21:25-66
33
34                <category android:name="android.intent.category.LAUNCHER" />
34-->src\main\AndroidManifest.xml:23:17-77
34-->src\main\AndroidManifest.xml:23:27-74
35            </intent-filter>
36        </activity>
37        <activity
37-->[com.google.firebase:firebase-auth:19.4.0] AndroidManifest.xml:24:9-31:50
38            android:name="com.google.firebase.auth.internal.FederatedSignInActivity"
38-->[com.google.firebase:firebase-auth:19.4.0] AndroidManifest.xml:25:13-85
39            android:excludeFromRecents="true"
39-->[com.google.firebase:firebase-auth:19.4.0] AndroidManifest.xml:26:13-46
40            android:exported="true"
40-->[com.google.firebase:firebase-auth:19.4.0] AndroidManifest.xml:27:13-36
41            android:launchMode="singleTask"
41-->[com.google.firebase:firebase-auth:19.4.0] AndroidManifest.xml:28:13-44
42            android:permission="com.google.firebase.auth.api.gms.permission.LAUNCH_FEDERATED_SIGN_IN"
42-->[com.google.firebase:firebase-auth:19.4.0] AndroidManifest.xml:29:13-102
43            android:theme="@android:style/Theme.Translucent.NoTitleBar" />
43-->[com.google.firebase:firebase-auth:19.4.0] AndroidManifest.xml:30:13-72
44
45        <service
45-->[com.google.firebase:firebase-auth:19.4.0] AndroidManifest.xml:33:9-39:19
46            android:name="com.google.firebase.components.ComponentDiscoveryService"
46-->[com.google.firebase:firebase-auth:19.4.0] AndroidManifest.xml:34:13-84
47            android:directBootAware="true"
47-->[com.google.firebase:firebase-common:19.3.0] AndroidManifest.xml:34:13-43
48            android:exported="false" >
48-->[com.google.firebase:firebase-auth:19.4.0] AndroidManifest.xml:35:13-37
49            <meta-data
49-->[com.google.firebase:firebase-auth:19.4.0] AndroidManifest.xml:36:13-38:85
50                android:name="com.google.firebase.components:com.google.firebase.auth.FirebaseAuthRegistrar"
50-->[com.google.firebase:firebase-auth:19.4.0] AndroidManifest.xml:37:17-109
51                android:value="com.google.firebase.components.ComponentRegistrar" />
51-->[com.google.firebase:firebase-auth:19.4.0] AndroidManifest.xml:38:17-82
52            <meta-data
52-->[com.google.android.gms:play-services-measurement-api:17.6.0] AndroidManifest.xml:30:13-32:85
53                android:name="com.google.firebase.components:com.google.firebase.analytics.connector.internal.AnalyticsConnectorRegistrar"
53-->[com.google.android.gms:play-services-measurement-api:17.6.0] AndroidManifest.xml:31:17-139
54                android:value="com.google.firebase.components.ComponentRegistrar" />
54-->[com.google.android.gms:play-services-measurement-api:17.6.0] AndroidManifest.xml:32:17-82
55            <meta-data
55-->[com.google.firebase:firebase-installations:16.3.2] AndroidManifest.xml:17:13-19:85
56                android:name="com.google.firebase.components:com.google.firebase.installations.FirebaseInstallationsRegistrar"
56-->[com.google.firebase:firebase-installations:16.3.2] AndroidManifest.xml:18:17-127
57                android:value="com.google.firebase.components.ComponentRegistrar" />
57-->[com.google.firebase:firebase-installations:16.3.2] AndroidManifest.xml:19:17-82
58        </service>
59
60        <activity
60-->[com.google.android.gms:play-services-base:17.1.0] AndroidManifest.xml:23:9-26:75
61            android:name="com.google.android.gms.common.api.GoogleApiActivity"
61-->[com.google.android.gms:play-services-base:17.1.0] AndroidManifest.xml:24:13-79
62            android:exported="false"
62-->[com.google.android.gms:play-services-base:17.1.0] AndroidManifest.xml:25:13-37
63            android:theme="@android:style/Theme.Translucent.NoTitleBar" />
63-->[com.google.android.gms:play-services-base:17.1.0] AndroidManifest.xml:26:13-72
64
65        <provider
65-->[com.google.firebase:firebase-common:19.3.0] AndroidManifest.xml:26:9-30:39
66            android:name="com.google.firebase.provider.FirebaseInitProvider"
66-->[com.google.firebase:firebase-common:19.3.0] AndroidManifest.xml:27:13-77
67            android:authorities="com.example.novigrad.firebaseinitprovider"
67-->[com.google.firebase:firebase-common:19.3.0] AndroidManifest.xml:28:13-72
68            android:exported="false"
68-->[com.google.firebase:firebase-common:19.3.0] AndroidManifest.xml:29:13-37
69            android:initOrder="100" />
69-->[com.google.firebase:firebase-common:19.3.0] AndroidManifest.xml:30:13-36
70
71        <receiver
71-->[com.google.android.gms:play-services-measurement:17.6.0] AndroidManifest.xml:29:9-33:20
72            android:name="com.google.android.gms.measurement.AppMeasurementReceiver"
72-->[com.google.android.gms:play-services-measurement:17.6.0] AndroidManifest.xml:30:13-85
73            android:enabled="true"
73-->[com.google.android.gms:play-services-measurement:17.6.0] AndroidManifest.xml:31:13-35
74            android:exported="false" >
74-->[com.google.android.gms:play-services-measurement:17.6.0] AndroidManifest.xml:32:13-37
75        </receiver>
76
77        <service
77-->[com.google.android.gms:play-services-measurement:17.6.0] AndroidManifest.xml:35:9-38:40
78            android:name="com.google.android.gms.measurement.AppMeasurementService"
78-->[com.google.android.gms:play-services-measurement:17.6.0] AndroidManifest.xml:36:13-84
79            android:enabled="true"
79-->[com.google.android.gms:play-services-measurement:17.6.0] AndroidManifest.xml:37:13-35
80            android:exported="false" />
80-->[com.google.android.gms:play-services-measurement:17.6.0] AndroidManifest.xml:38:13-37
81        <service
81-->[com.google.android.gms:play-services-measurement:17.6.0] AndroidManifest.xml:39:9-43:72
82            android:name="com.google.android.gms.measurement.AppMeasurementJobService"
82-->[com.google.android.gms:play-services-measurement:17.6.0] AndroidManifest.xml:40:13-87
83            android:enabled="true"
83-->[com.google.android.gms:play-services-measurement:17.6.0] AndroidManifest.xml:41:13-35
84            android:exported="false"
84-->[com.google.android.gms:play-services-measurement:17.6.0] AndroidManifest.xml:42:13-37
85            android:permission="android.permission.BIND_JOB_SERVICE" />
85-->[com.google.android.gms:play-services-measurement:17.6.0] AndroidManifest.xml:43:13-69
86
87        <meta-data
87-->[com.google.android.gms:play-services-basement:17.0.0] AndroidManifest.xml:23:9-25:69
88            android:name="com.google.android.gms.version"
88-->[com.google.android.gms:play-services-basement:17.0.0] AndroidManifest.xml:24:13-58
89            android:value="@integer/google_play_services_version" />
89-->[com.google.android.gms:play-services-basement:17.0.0] AndroidManifest.xml:25:13-66
90    </application>
91
92</manifest>